app/build/intermediates/manifest_merge_blame_file/debug/manifest-merger-blame-debug-report.txt
1<?xml version="1.0" encoding="utf-8"?>
2<manifest xmlns:android="http://schemas.android.com/apk/res/android"
3    package="com.byreytiz.game"
4    android:versionCode="10"
5    android:versionName="weikton-games-0.1" >
6
7    <uses-sdk
8        android:minSdkVersion="21"
8-->src\main\AndroidManifest.xml
9        android:targetSdkVersion="33" />
9-->src\main\AndroidManifest.xml
10
11    <uses-permission android:name="android.permission.WAKE_LOCK" />
11-->src\main\AndroidManifest.xml:6:5-68
11-->src\main\AndroidManifest.xml:6:22-65
12    <uses-permission android:name="android.permission.ACCESS_WIFI_STATE" />
12-->src\main\AndroidManifest.xml:7:5-76
12-->src\main\AndroidManifest.xml:7:22-73
13    <uses-permission android:name="android.permission.WRITE_EXTERNAL_STORAGE" />
13-->src\main\AndroidManifest.xml:8:5-81
13-->src\main\AndroidManifest.xml:8:22-78
14    <uses-permission android:name="android.permission.READ_EXTERNAL_STORAGE" />
14-->src\main\AndroidManifest.xml:9:5-80
14-->src\main\AndroidManifest.xml:9:22-77
15    <uses-permission android:name="android.permission.INTERNET" />
15-->src\main\AndroidManifest.xml:10:5-67
15-->src\main\AndroidManifest.xml:10:22-64
16    <uses-permission android:name="android.permission.REQUEST_INSTALL_PACKAGES" />
16-->src\main\AndroidManifest.xml:11:5-83
16-->src\main\AndroidManifest.xml:11:22-80
17    <uses-permission android:name="android.permission.REQUEST_DELETE_PACKAGES" />
17-->src\main\AndroidManifest.xml:12:5-82
17-->src\main\AndroidManifest.xml:12:22-79
18    <uses-permission android:name="android.permission.VIBRATE" />
18-->src\main\AndroidManifest.xml:13:5-66
18-->src\main\AndroidManifest.xml:13:22-63
19    <uses-permission android:name="android.permission.ACCESS_NETWORK_STATE" />
19-->src\main\AndroidManifest.xml:14:5-79
19-->src\main\AndroidManifest.xml:14:22-76
20    <uses-permission android:name="com.android.vending.CHECK_LICENSE" />
20-->src\main\AndroidManifest.xml:15:5-73
20-->src\main\AndroidManifest.xml:15:22-70
21    <uses-permission android:name="android.permission.GET_ACCOUNTS" />
21-->src\main\AndroidManifest.xml:16:5-71
21-->src\main\AndroidManifest.xml:16:22-68
22    <uses-permission android:name="android.permission.BLUETOOTH" />
22-->src\main\AndroidManifest.xml:17:5-68
22-->src\main\AndroidManifest.xml:17:22-65
23    <uses-permission android:name="android.permission.RECORD_AUDIO" />
23-->src\main\AndroidManifest.xml:18:5-71
23-->src\main\AndroidManifest.xml:18:22-68
24
25    <uses-feature android:glEsVersion="0x00020000" />
25-->src\main\AndroidManifest.xml:20:5-54
25-->src\main\AndroidManifest.xml:20:19-51
26    <uses-feature
26-->src\main\AndroidManifest.xml:21:5-23:36
27        android:name="android.hardware.touchscreen"
27-->src\main\AndroidManifest.xml:22:9-52
28        android:required="false" />
28-->src\main\AndroidManifest.xml:23:9-33
29
30    <supports-screens
30-->src\main\AndroidManifest.xml:25:5-30:39
31        android:anyDensity="true"
31-->src\main\AndroidManifest.xml:26:9-34
32        android:largeScreens="true"
32-->src\main\AndroidManifest.xml:27:9-36
33        android:normalScreens="true"
33-->src\main\AndroidManifest.xml:28:9-37
34        android:resizeable="true"
34-->src\main\AndroidManifest.xml:29:9-34
35        android:smallScreens="true" />
35-->src\main\AndroidManifest.xml:30:9-36
36
37    <!-- To allow starting foreground services on Android P+ - https://developer.android.com/preview/behavior-changes#fg-svc -->
38    <uses-permission android:name="android.permission.FOREGROUND_SERVICE" />
38-->[com.liulishuo.filedownloader:library:1.7.7] AndroidManifest.xml:9:5-77
38-->[com.liulishuo.filedownloader:library:1.7.7] AndroidManifest.xml:9:22-74
39
40    <application
40-->src\main\AndroidManifest.xml:32:5-90:19
41        android:allowBackup="true"
41-->[com.github.Triggertrap:SeekArc:v1.1] AndroidManifest.xml:35:9-35
42        android:appComponentFactory="androidx.core.app.CoreComponentFactory"
42-->[androidx.core:core:1.3.1] AndroidManifest.xml:24:18-86
43        android:debuggable="true"
44        android:hardwareAccelerated="false"
44-->src\main\AndroidManifest.xml:33:9-44
45        android:icon="@drawable/sarp_logo"
45-->src\main\AndroidManifest.xml:34:9-43
46        android:isGame="true"
46-->src\main\AndroidManifest.xml:35:9-30
47        android:label="@string/app_name"
47-->src\main\AndroidManifest.xml:36:9-41
48        android:largeHeap="true"
48-->src\main\AndroidManifest.xml:37:9-33
49        android:logo="@drawable/adtlogo"
49-->src\main\AndroidManifest.xml:38:9-41
50        android:requestLegacyExternalStorage="true"
50-->src\main\AndroidManifest.xml:40:9-52
51        android:supportsRtl="true"
51-->[com.github.smarteist:autoimageslider:1.4.0] AndroidManifest.xml:14:9-35
52        android:usesCleartextTraffic="true" >
52-->src\main\AndroidManifest.xml:39:9-44
53        <activity
53-->src\main\AndroidManifest.xml:43:9-47:82
54            android:name="com.byreytiz.launcher.activity.StoryActivity"
54-->src\main\AndroidManifest.xml:44:13-72
55            android:exported="false"
55-->src\main\AndroidManifest.xml:45:13-37
56            android:screenOrientation="portrait"
56-->src\main\AndroidManifest.xml:46:13-49
57            android:theme="@style/Theme.AppCompat.Light.NoActionBar.FullScreen" />
57-->src\main\AndroidManifest.xml:47:13-80
58
59        <provider
59-->src\main\AndroidManifest.xml:49:9-57:20
60            android:name="androidx.core.content.FileProvider"
60-->src\main\AndroidManifest.xml:50:13-62
61            android:authorities="com.byreytiz.game.provider"
61-->src\main\AndroidManifest.xml:51:13-61
62            android:exported="false"
62-->src\main\AndroidManifest.xml:52:13-37
63            android:grantUriPermissions="true" >
63-->src\main\AndroidManifest.xml:53:13-47
64            <meta-data
64-->src\main\AndroidManifest.xml:54:13-56:58
65                android:name="android.support.FILE_PROVIDER_PATHS"
65-->src\main\AndroidManifest.xml:55:17-67
66                android:resource="@xml/provider_paths" />
66-->src\main\AndroidManifest.xml:56:17-55
67        </provider>
68
69        <activity
69-->src\main\AndroidManifest.xml:59:9-62:92
70            android:name="com.byreytiz.game.core.GTASA"
70-->src\main\AndroidManifest.xml:60:13-56
71            android:screenOrientation="landscape"
71-->src\main\AndroidManifest.xml:61:13-50
72            android:theme="@style/Theme.AppCompat.Light.NoActionBar.FullScreen" />
72-->src\main\AndroidManifest.xml:62:13-80
73        <activity
73-->src\main\AndroidManifest.xml:63:9-68:20
74            android:name="com.byreytiz.launcher.activity.SplashActivity"
74-->src\main\AndroidManifest.xml:64:13-73
75            android:exported="true"
75-->src\main\AndroidManifest.xml:65:13-36
76            android:screenOrientation="portrait"
76-->src\main\AndroidManifest.xml:66:13-49
77            android:theme="@style/AppTheme.WithSplash" >
77-->src\main\AndroidManifest.xml:67:13-55
78        </activity>
79        <activity
79-->src\main\AndroidManifest.xml:69:9-78:20
80            android:name="com.byreytiz.launcher.activity.MainActivity"
80-->src\main\AndroidManifest.xml:70:13-71
81            android:exported="true"
81-->src\main\AndroidManifest.xml:71:13-36
82            android:screenOrientation="landscape"
82-->src\main\AndroidManifest.xml:72:13-50
83            android:theme="@style/AppTheme.NoActionBar" >
83-->src\main\AndroidManifest.xml:73:13-56
84            <intent-filter>
84-->src\main\AndroidManifest.xml:74:13-77:29
85                <action android:name="android.intent.action.MAIN" />
85-->src\main\AndroidManifest.xml:75:17-69
85-->src\main\AndroidManifest.xml:75:25-66
86
87                <category android:name="android.intent.category.LAUNCHER" />
87-->src\main\AndroidManifest.xml:76:17-77
87-->src\main\AndroidManifest.xml:76:27-74
88            </intent-filter>
89        </activity>
90        <activity
90-->src\main\AndroidManifest.xml:79:9-82:59
91            android:name="com.byreytiz.launcher.activity.LoaderActivity"
91-->src\main\AndroidManifest.xml:80:13-73
92            android:screenOrientation="landscape"
92-->src\main\AndroidManifest.xml:81:13-50
93            android:theme="@style/AppTheme.NoActionBar" />
93-->src\main\AndroidManifest.xml:82:13-56
94
95        <meta-data
95-->src\main\AndroidManifest.xml:84:9-86:35
96            android:name="android.max_aspect"
96-->src\main\AndroidManifest.xml:85:13-46
97            android:value="2.1" />
97-->src\main\AndroidManifest.xml:86:13-32
98        <meta-data
98-->src\main\AndroidManifest.xml:87:9-89:57
99            android:name="preloaded_fonts"
99-->src\main\AndroidManifest.xml:88:13-43
100            android:resource="@array/preloaded_fonts" />
100-->src\main\AndroidManifest.xml:89:13-54
101
102        <service
102-->[com.google.firebase:firebase-database:20.0.4] AndroidManifest.xml:29:9-35:19
103            android:name="com.google.firebase.components.ComponentDiscoveryService"
103-->[com.google.firebase:firebase-database:20.0.4] AndroidManifest.xml:30:13-84
104            android:directBootAware="true"
104-->[com.google.firebase:firebase-common:20.1.0] AndroidManifest.xml:35:13-43
105            android:exported="false" >
105-->[com.google.firebase:firebase-database:20.0.4] AndroidManifest.xml:31:13-37
106            <meta-data
106-->[com.google.firebase:firebase-database:20.0.4] AndroidManifest.xml:32:13-34:85
107                android:name="com.google.firebase.components:com.google.firebase.database.DatabaseRegistrar"
107-->[com.google.firebase:firebase-database:20.0.4] AndroidManifest.xml:33:17-109
108                android:value="com.google.firebase.components.ComponentRegistrar" />
108-->[com.google.firebase:firebase-database:20.0.4] AndroidManifest.xml:34:17-82
109        </service>
110        <service android:name="com.liulishuo.filedownloader.services.FileDownloadService$SharedMainProcessService" />
110-->[com.liulishuo.filedownloader:library:1.7.7] AndroidManifest.xml:12:9-118
110-->[com.liulishuo.filedownloader:library:1.7.7] AndroidManifest.xml:12:18-115
111        <service
111-->[com.liulishuo.filedownloader:library:1.7.7] AndroidManifest.xml:13:9-15:49
112            android:name="com.liulishuo.filedownloader.services.FileDownloadService$SeparateProcessService"
112-->[com.liulishuo.filedownloader:library:1.7.7] AndroidManifest.xml:14:13-108
113            android:process=":filedownloader" />
113-->[com.liulishuo.filedownloader:library:1.7.7] AndroidManifest.xml:15:13-46
114
115        <provider
115-->[com.google.firebase:firebase-common:20.1.0] AndroidManifest.xml:26:9-31:39
116            android:name="com.google.firebase.provider.FirebaseInitProvider"
116-->[com.google.firebase:firebase-common:20.1.0] AndroidManifest.xml:27:13-77
117            android:authorities="com.byreytiz.game.firebaseinitprovider"
117-->[com.google.firebase:firebase-common:20.1.0] AndroidManifest.xml:28:13-72
118            android:directBootAware="true"
118-->[com.google.firebase:firebase-common:20.1.0] AndroidManifest.xml:29:13-43
119            android:exported="false"
119-->[com.google.firebase:firebase-common:20.1.0] AndroidManifest.xml:30:13-37
120            android:initOrder="100" />
120-->[com.google.firebase:firebase-common:20.1.0] AndroidManifest.xml:31:13-36
121
122        <activity
122-->[com.google.android.gms:play-services-base:18.0.1] AndroidManifest.xml:20:9-22:45
123            android:name="com.google.android.gms.common.api.GoogleApiActivity"
123-->[com.google.android.gms:play-services-base:18.0.1] AndroidManifest.xml:20:19-85
124            android:exported="false"
124-->[com.google.android.gms:play-services-base:18.0.1] AndroidManifest.xml:22:19-43
125            android:theme="@android:style/Theme.Translucent.NoTitleBar" />
125-->[com.google.android.gms:play-services-base:18.0.1] AndroidManifest.xml:21:19-78
126
127        <meta-data
127-->[com.google.android.gms:play-services-basement:18.0.0] AndroidManifest.xml:21:9-23:69
128            android:name="com.google.android.gms.version"
128-->[com.google.android.gms:play-services-basement:18.0.0] AndroidManifest.xml:22:13-58
129            android:value="@integer/google_play_services_version" />
129-->[com.google.android.gms:play-services-basement:18.0.0] AndroidManifest.xml:23:13-66
130    </application>
131
132</manifest>